<?xml version="1.0" encoding="UTF-8"?>
<coverage generated="1638973759189" clover="3.2.0">
  <project timestamp="1638973759189" name="All files">
    <metrics statements="58" coveredstatements="41" conditionals="24" coveredconditionals="11" methods="19" coveredmethods="12" elements="101" coveredelements="64" complexity="0" loc="58" ncloc="58" packages="1" files="1" classes="1"/>
    <file name="list.js" path="/Users/anuarshaidenov/Desktop/Todo-list/src/list.js">
      <metrics statements="58" coveredstatements="41" conditionals="24" coveredconditionals="11" methods="19" coveredmethods="12"/>
      <line num="3" count="2" type="stmt"/>
      <line num="4" count="2" type="cond" truecount="2" falsecount="0"/>
      <line num="5" count="1" type="stmt"/>
      <line num="7" count="2" type="stmt"/>
      <line num="11" count="8" type="stmt"/>
      <line num="12" count="8" type="stmt"/>
      <line num="13" count="8" type="stmt"/>
      <line num="14" count="8" type="stmt"/>
      <line num="15" count="10" type="stmt"/>
      <line num="17" count="10" type="cond" truecount="1" falsecount="1"/>
      <line num="18" count="0" type="stmt"/>
      <line num="27" count="10" type="stmt"/>
      <line num="35" count="10" type="stmt"/>
      <line num="41" count="10" type="stmt"/>
      <line num="43" count="8" type="stmt"/>
      <line num="47" count="4" type="cond" truecount="2" falsecount="2"/>
      <line num="48" count="4" type="stmt"/>
      <line num="53" count="4" type="stmt"/>
      <line num="54" count="4" type="stmt"/>
      <line num="59" count="1" type="cond" truecount="1" falsecount="1"/>
      <line num="60" count="1" type="stmt"/>
      <line num="61" count="1" type="stmt"/>
      <line num="66" count="0" type="stmt"/>
      <line num="67" count="0" type="cond" truecount="0" falsecount="2"/>
      <line num="68" count="0" type="cond" truecount="0" falsecount="2"/>
      <line num="69" count="0" type="stmt"/>
      <line num="71" count="0" type="stmt"/>
      <line num="74" count="0" type="stmt"/>
      <line num="78" count="0" type="stmt"/>
      <line num="79" count="0" type="stmt"/>
      <line num="83" count="1" type="stmt"/>
      <line num="84" count="1" type="stmt"/>
      <line num="88" count="8" type="stmt"/>
      <line num="89" count="10" type="stmt"/>
      <line num="91" count="8" type="stmt"/>
      <line num="92" count="4" type="cond" truecount="1" falsecount="1"/>
      <line num="93" count="4" type="cond" truecount="1" falsecount="1"/>
      <line num="94" count="0" type="stmt"/>
      <line num="96" count="8" type="stmt"/>
      <line num="100" count="0" type="stmt"/>
      <line num="101" count="0" type="stmt"/>
      <line num="106" count="8" type="stmt"/>
      <line num="107" count="8" type="cond" truecount="1" falsecount="1"/>
      <line num="108" count="8" type="stmt"/>
      <line num="109" count="10" type="stmt"/>
      <line num="110" count="0" type="stmt"/>
      <line num="115" count="8" type="stmt"/>
      <line num="116" count="8" type="cond" truecount="1" falsecount="1"/>
      <line num="117" count="8" type="stmt"/>
      <line num="118" count="10" type="stmt"/>
      <line num="119" count="0" type="stmt"/>
      <line num="124" count="8" type="stmt"/>
      <line num="125" count="8" type="cond" truecount="1" falsecount="1"/>
      <line num="126" count="8" type="stmt"/>
      <line num="127" count="10" type="stmt"/>
      <line num="128" count="0" type="stmt"/>
      <line num="129" count="0" type="stmt"/>
      <line num="130" count="0" type="stmt"/>
    </file>
  </project>
</coverage>
