{"/Users/anuarshaidenov/Desktop/Todo-list/src/list.js": {"path":"/Users/anuarshaidenov/Desktop/Todo-list/src/list.js","statementMap":{"0":{"start":{"line":3,"column":4},"end":{"line":3,"column":62}},"1":{"start":{"line":4,"column":4},"end":{"line":6,"column":5}},"2":{"start":{"line":5,"column":6},"end":{"line":5,"column":21}},"3":{"start":{"line":7,"column":4},"end":{"line":7,"column":19}},"4":{"start":{"line":11,"column":4},"end":{"line":11,"column":20}},"5":{"start":{"line":12,"column":24},"end":{"line":12,"column":61}},"6":{"start":{"line":13,"column":4},"end":{"line":13,"column":31}},"7":{"start":{"line":14,"column":4},"end":{"line":42,"column":7}},"8":{"start":{"line":15,"column":25},"end":{"line":16,"column":81}},"9":{"start":{"line":17,"column":6},"end":{"line":34,"column":7}},"10":{"start":{"line":18,"column":8},"end":{"line":25,"column":14}},"11":{"start":{"line":27,"column":8},"end":{"line":33,"column":18}},"12":{"start":{"line":35,"column":6},"end":{"line":40,"column":8}},"13":{"start":{"line":41,"column":6},"end":{"line":41,"column":44}},"14":{"start":{"line":43,"column":4},"end":{"line":43,"column":27}},"15":{"start":{"line":47,"column":4},"end":{"line":55,"column":5}},"16":{"start":{"line":48,"column":26},"end":{"line":52,"column":7}},"17":{"start":{"line":53,"column":6},"end":{"line":53,"column":34}},"18":{"start":{"line":54,"column":6},"end":{"line":54,"column":21}},"19":{"start":{"line":59,"column":4},"end":{"line":62,"column":5}},"20":{"start":{"line":60,"column":6},"end":{"line":60,"column":47}},"21":{"start":{"line":61,"column":6},"end":{"line":61,"column":21}},"22":{"start":{"line":66,"column":4},"end":{"line":66,"column":23}},"23":{"start":{"line":67,"column":4},"end":{"line":73,"column":5}},"24":{"start":{"line":68,"column":6},"end":{"line":72,"column":7}},"25":{"start":{"line":69,"column":8},"end":{"line":69,"column":51}},"26":{"start":{"line":71,"column":8},"end":{"line":71,"column":50}},"27":{"start":{"line":74,"column":4},"end":{"line":74,"column":19}},"28":{"start":{"line":78,"column":4},"end":{"line":78,"column":77}},"29":{"start":{"line":78,"column":47},"end":{"line":78,"column":75}},"30":{"start":{"line":79,"column":4},"end":{"line":79,"column":19}},"31":{"start":{"line":83,"column":4},"end":{"line":83,"column":24}},"32":{"start":{"line":84,"column":4},"end":{"line":84,"column":19}},"33":{"start":{"line":88,"column":4},"end":{"line":90,"column":5}},"34":{"start":{"line":88,"column":17},"end":{"line":88,"column":18}},"35":{"start":{"line":89,"column":6},"end":{"line":89,"column":35}},"36":{"start":{"line":91,"column":4},"end":{"line":95,"column":7}},"37":{"start":{"line":92,"column":6},"end":{"line":92,"column":39}},"38":{"start":{"line":92,"column":29},"end":{"line":92,"column":39}},"39":{"start":{"line":93,"column":6},"end":{"line":93,"column":38}},"40":{"start":{"line":93,"column":29},"end":{"line":93,"column":38}},"41":{"start":{"line":94,"column":6},"end":{"line":94,"column":15}},"42":{"start":{"line":96,"column":4},"end":{"line":96,"column":65}},"43":{"start":{"line":100,"column":4},"end":{"line":100,"column":51}},"44":{"start":{"line":101,"column":4},"end":{"line":101,"column":20}},"45":{"start":{"line":106,"column":29},"end":{"line":106,"column":72}},"46":{"start":{"line":107,"column":4},"end":{"line":113,"column":5}},"47":{"start":{"line":108,"column":6},"end":{"line":112,"column":9}},"48":{"start":{"line":109,"column":8},"end":{"line":111,"column":11}},"49":{"start":{"line":110,"column":10},"end":{"line":110,"column":63}},"50":{"start":{"line":115,"column":23},"end":{"line":115,"column":68}},"51":{"start":{"line":116,"column":4},"end":{"line":122,"column":5}},"52":{"start":{"line":117,"column":6},"end":{"line":121,"column":9}},"53":{"start":{"line":118,"column":8},"end":{"line":120,"column":11}},"54":{"start":{"line":119,"column":10},"end":{"line":119,"column":61}},"55":{"start":{"line":124,"column":23},"end":{"line":124,"column":61}},"56":{"start":{"line":125,"column":4},"end":{"line":133,"column":5}},"57":{"start":{"line":126,"column":6},"end":{"line":132,"column":9}},"58":{"start":{"line":127,"column":8},"end":{"line":131,"column":11}},"59":{"start":{"line":128,"column":30},"end":{"line":128,"column":48}},"60":{"start":{"line":129,"column":24},"end":{"line":129,"column":53}},"61":{"start":{"line":130,"column":10},"end":{"line":130,"column":48}}},"fnMap":{"0":{"name":"(anonymous_0)","decl":{"start":{"line":2,"column":2},"end":{"line":2,"column":3}},"loc":{"start":{"line":2,"column":16},"end":{"line":8,"column":3}},"line":2},"1":{"name":"(anonymous_1)","decl":{"start":{"line":10,"column":2},"end":{"line":10,"column":3}},"loc":{"start":{"line":10,"column":12},"end":{"line":44,"column":3}},"line":10},"2":{"name":"(anonymous_2)","decl":{"start":{"line":14,"column":22},"end":{"line":14,"column":23}},"loc":{"start":{"line":14,"column":36},"end":{"line":42,"column":5}},"line":14},"3":{"name":"(anonymous_3)","decl":{"start":{"line":46,"column":2},"end":{"line":46,"column":3}},"loc":{"start":{"line":46,"column":24},"end":{"line":56,"column":3}},"line":46},"4":{"name":"(anonymous_4)","decl":{"start":{"line":58,"column":2},"end":{"line":58,"column":3}},"loc":{"start":{"line":58,"column":32},"end":{"line":63,"column":3}},"line":58},"5":{"name":"(anonymous_5)","decl":{"start":{"line":65,"column":2},"end":{"line":65,"column":3}},"loc":{"start":{"line":65,"column":38},"end":{"line":75,"column":3}},"line":65},"6":{"name":"(anonymous_6)","decl":{"start":{"line":77,"column":2},"end":{"line":77,"column":3}},"loc":{"start":{"line":77,"column":19},"end":{"line":80,"column":3}},"line":77},"7":{"name":"(anonymous_7)","decl":{"start":{"line":78,"column":33},"end":{"line":78,"column":34}},"loc":{"start":{"line":78,"column":47},"end":{"line":78,"column":75}},"line":78},"8":{"name":"(anonymous_8)","decl":{"start":{"line":82,"column":2},"end":{"line":82,"column":3}},"loc":{"start":{"line":82,"column":13},"end":{"line":85,"column":3}},"line":82},"9":{"name":"(anonymous_9)","decl":{"start":{"line":87,"column":2},"end":{"line":87,"column":3}},"loc":{"start":{"line":87,"column":13},"end":{"line":97,"column":3}},"line":87},"10":{"name":"(anonymous_10)","decl":{"start":{"line":91,"column":19},"end":{"line":91,"column":20}},"loc":{"start":{"line":91,"column":29},"end":{"line":95,"column":5}},"line":91},"11":{"name":"(anonymous_11)","decl":{"start":{"line":99,"column":2},"end":{"line":99,"column":3}},"loc":{"start":{"line":99,"column":35},"end":{"line":102,"column":3}},"line":99},"12":{"name":"(anonymous_12)","decl":{"start":{"line":104,"column":2},"end":{"line":104,"column":3}},"loc":{"start":{"line":104,"column":20},"end":{"line":134,"column":3}},"line":104},"13":{"name":"(anonymous_13)","decl":{"start":{"line":108,"column":31},"end":{"line":108,"column":32}},"loc":{"start":{"line":108,"column":41},"end":{"line":112,"column":7}},"line":108},"14":{"name":"(anonymous_14)","decl":{"start":{"line":109,"column":39},"end":{"line":109,"column":40}},"loc":{"start":{"line":109,"column":45},"end":{"line":111,"column":9}},"line":109},"15":{"name":"(anonymous_15)","decl":{"start":{"line":117,"column":25},"end":{"line":117,"column":26}},"loc":{"start":{"line":117,"column":39},"end":{"line":121,"column":7}},"line":117},"16":{"name":"(anonymous_16)","decl":{"start":{"line":118,"column":43},"end":{"line":118,"column":44}},"loc":{"start":{"line":118,"column":49},"end":{"line":120,"column":9}},"line":118},"17":{"name":"(anonymous_17)","decl":{"start":{"line":126,"column":25},"end":{"line":126,"column":26}},"loc":{"start":{"line":126,"column":39},"end":{"line":132,"column":7}},"line":126},"18":{"name":"(anonymous_18)","decl":{"start":{"line":127,"column":43},"end":{"line":127,"column":44}},"loc":{"start":{"line":127,"column":50},"end":{"line":131,"column":9}},"line":127}},"branchMap":{"0":{"loc":{"start":{"line":4,"column":4},"end":{"line":6,"column":5}},"type":"if","locations":[{"start":{"line":4,"column":4},"end":{"line":6,"column":5}},{"start":{},"end":{}}],"line":4},"1":{"loc":{"start":{"line":17,"column":6},"end":{"line":34,"column":7}},"type":"if","locations":[{"start":{"line":17,"column":6},"end":{"line":34,"column":7}},{"start":{"line":26,"column":13},"end":{"line":34,"column":7}}],"line":17},"2":{"loc":{"start":{"line":47,"column":4},"end":{"line":55,"column":5}},"type":"if","locations":[{"start":{"line":47,"column":4},"end":{"line":55,"column":5}},{"start":{},"end":{}}],"line":47},"3":{"loc":{"start":{"line":47,"column":8},"end":{"line":47,"column":34}},"type":"binary-expr","locations":[{"start":{"line":47,"column":8},"end":{"line":47,"column":16}},{"start":{"line":47,"column":20},"end":{"line":47,"column":34}}],"line":47},"4":{"loc":{"start":{"line":59,"column":4},"end":{"line":62,"column":5}},"type":"if","locations":[{"start":{"line":59,"column":4},"end":{"line":62,"column":5}},{"start":{},"end":{}}],"line":59},"5":{"loc":{"start":{"line":67,"column":4},"end":{"line":73,"column":5}},"type":"if","locations":[{"start":{"line":67,"column":4},"end":{"line":73,"column":5}},{"start":{},"end":{}}],"line":67},"6":{"loc":{"start":{"line":68,"column":6},"end":{"line":72,"column":7}},"type":"if","locations":[{"start":{"line":68,"column":6},"end":{"line":72,"column":7}},{"start":{"line":70,"column":13},"end":{"line":72,"column":7}}],"line":68},"7":{"loc":{"start":{"line":92,"column":6},"end":{"line":92,"column":39}},"type":"if","locations":[{"start":{"line":92,"column":6},"end":{"line":92,"column":39}},{"start":{},"end":{}}],"line":92},"8":{"loc":{"start":{"line":93,"column":6},"end":{"line":93,"column":38}},"type":"if","locations":[{"start":{"line":93,"column":6},"end":{"line":93,"column":38}},{"start":{},"end":{}}],"line":93},"9":{"loc":{"start":{"line":107,"column":4},"end":{"line":113,"column":5}},"type":"if","locations":[{"start":{"line":107,"column":4},"end":{"line":113,"column":5}},{"start":{},"end":{}}],"line":107},"10":{"loc":{"start":{"line":116,"column":4},"end":{"line":122,"column":5}},"type":"if","locations":[{"start":{"line":116,"column":4},"end":{"line":122,"column":5}},{"start":{},"end":{}}],"line":116},"11":{"loc":{"start":{"line":125,"column":4},"end":{"line":133,"column":5}},"type":"if","locations":[{"start":{"line":125,"column":4},"end":{"line":133,"column":5}},{"start":{},"end":{}}],"line":125}},"s":{"0":2,"1":2,"2":1,"3":2,"4":8,"5":8,"6":8,"7":8,"8":10,"9":10,"10":0,"11":10,"12":10,"13":10,"14":8,"15":4,"16":4,"17":4,"18":4,"19":1,"20":1,"21":1,"22":0,"23":0,"24":0,"25":0,"26":0,"27":0,"28":0,"29":0,"30":0,"31":1,"32":1,"33":8,"34":8,"35":10,"36":8,"37":4,"38":0,"39":4,"40":4,"41":0,"42":8,"43":0,"44":0,"45":8,"46":8,"47":8,"48":10,"49":0,"50":8,"51":8,"52":8,"53":10,"54":0,"55":8,"56":8,"57":8,"58":10,"59":0,"60":0,"61":0},"f":{"0":2,"1":8,"2":10,"3":4,"4":1,"5":0,"6":0,"7":0,"8":1,"9":8,"10":4,"11":0,"12":8,"13":10,"14":0,"15":10,"16":0,"17":10,"18":0},"b":{"0":[1,1],"1":[0,10],"2":[4,0],"3":[4,0],"4":[1,0],"5":[0,0],"6":[0,0],"7":[0,4],"8":[4,0],"9":[8,0],"10":[8,0],"11":[8,0]},"_coverageSchema":"1a1c01bbd47fc00a2c39e90264f33305004495a9","hash":"eb14a90887cf5b0c3d7519f579c1c2266b0c7e88"}
}
