TN:
SF:src/list.js
FN:2,(anonymous_0)
FN:10,(anonymous_1)
FN:14,(anonymous_2)
FN:46,(anonymous_3)
FN:58,(anonymous_4)
FN:65,(anonymous_5)
FN:77,(anonymous_6)
FN:78,(anonymous_7)
FN:82,(anonymous_8)
FN:87,(anonymous_9)
FN:91,(anonymous_10)
FN:99,(anonymous_11)
FN:104,(anonymous_12)
FN:108,(anonymous_13)
FN:109,(anonymous_14)
FN:117,(anonymous_15)
FN:118,(anonymous_16)
FN:126,(anonymous_17)
FN:127,(anonymous_18)
FNF:19
FNH:12
FNDA:2,(anonymous_0)
FNDA:8,(anonymous_1)
FNDA:10,(anonymous_2)
FNDA:4,(anonymous_3)
FNDA:1,(anonymous_4)
FNDA:0,(anonymous_5)
FNDA:0,(anonymous_6)
FNDA:0,(anonymous_7)
FNDA:1,(anonymous_8)
FNDA:8,(anonymous_9)
FNDA:4,(anonymous_10)
FNDA:0,(anonymous_11)
FNDA:8,(anonymous_12)
FNDA:10,(anonymous_13)
FNDA:0,(anonymous_14)
FNDA:10,(anonymous_15)
FNDA:0,(anonymous_16)
FNDA:10,(anonymous_17)
FNDA:0,(anonymous_18)
DA:3,2
DA:4,2
DA:5,1
DA:7,2
DA:11,8
DA:12,8
DA:13,8
DA:14,8
DA:15,10
DA:17,10
DA:18,0
DA:27,10
DA:35,10
DA:41,10
DA:43,8
DA:47,4
DA:48,4
DA:53,4
DA:54,4
DA:59,1
DA:60,1
DA:61,1
DA:66,0
DA:67,0
DA:68,0
DA:69,0
DA:71,0
DA:74,0
DA:78,0
DA:79,0
DA:83,1
DA:84,1
DA:88,8
DA:89,10
DA:91,8
DA:92,4
DA:93,4
DA:94,0
DA:96,8
DA:100,0
DA:101,0
DA:106,8
DA:107,8
DA:108,8
DA:109,10
DA:110,0
DA:115,8
DA:116,8
DA:117,8
DA:118,10
DA:119,0
DA:124,8
DA:125,8
DA:126,8
DA:127,10
DA:128,0
DA:129,0
DA:130,0
LF:58
LH:41
BRDA:4,0,0,1
BRDA:4,0,1,1
BRDA:17,1,0,0
BRDA:17,1,1,10
BRDA:47,2,0,4
BRDA:47,2,1,0
BRDA:47,3,0,4
BRDA:47,3,1,0
BRDA:59,4,0,1
BRDA:59,4,1,0
BRDA:67,5,0,0
BRDA:67,5,1,0
BRDA:68,6,0,0
BRDA:68,6,1,0
BRDA:92,7,0,0
BRDA:92,7,1,4
BRDA:93,8,0,4
BRDA:93,8,1,0
BRDA:107,9,0,8
BRDA:107,9,1,0
BRDA:116,10,0,8
BRDA:116,10,1,0
BRDA:125,11,0,8
BRDA:125,11,1,0
BRF:24
BRH:11
end_of_record
